2021-03-12 09:32:13,204 - skalpit - DEBUG - kline.1h printed
2021-03-12 09:32:13,211 - skalpit - DEBUG - kline.15m printed
2021-03-12 09:32:13,216 - skalpit - DEBUG - kline.1m printed
2021-03-12 09:33:01,272 - skalpit - DEBUG - kline.1m printed
2021-03-12 09:34:00,558 - skalpit - DEBUG - kline.1m printed
2021-03-12 09:35:00,193 - skalpit - DEBUG - kline.1m printed
2021-03-12 09:36:01,731 - skalpit - DEBUG - kline.1m printed
2021-03-12 09:37:00,314 - skalpit - DEBUG - kline.1m printed
2021-03-12 09:38:00,777 - skalpit - DEBUG - kline.1m printed
2021-03-12 09:38:59,884 - skalpit - DEBUG - kline.1m printed
2021-03-12 09:40:00,484 - skalpit - DEBUG - kline.1m printed
2021-03-12 09:41:02,711 - skalpit - DEBUG - kline.1m printed
2021-03-12 09:42:01,340 - skalpit - DEBUG - kline.1m printed
2021-03-12 09:42:59,955 - skalpit - DEBUG - kline.1m printed
2021-03-12 09:44:00,859 - skalpit - DEBUG - kline.1m printed
2021-03-12 09:44:59,840 - skalpit - DEBUG - kline.1m printed
2021-03-12 09:44:59,931 - skalpit - DEBUG - kline.15m printed
2021-03-12 09:46:00,018 - skalpit - DEBUG - kline.1m printed
2021-03-12 09:47:00,009 - skalpit - DEBUG - kline.1m printed
2021-03-12 09:48:00,497 - skalpit - DEBUG - kline.1m printed
2021-03-12 09:49:00,115 - skalpit - DEBUG - kline.1m printed
2021-03-12 09:49:59,947 - skalpit - DEBUG - kline.1m printed
2021-03-12 09:51:00,293 - skalpit - DEBUG - kline.1m printed
2021-03-12 09:51:59,967 - skalpit - DEBUG - kline.1m printed
2021-03-12 09:53:00,742 - skalpit - DEBUG - kline.1m printed
2021-03-12 09:54:01,093 - skalpit - DEBUG - kline.1m printed
2021-03-12 09:54:59,980 - skalpit - DEBUG - kline.1m printed
2021-03-12 09:55:59,928 - skalpit - DEBUG - kline.1m printed
2021-03-12 09:57:01,358 - skalpit - DEBUG - kline.1m printed
2021-03-12 09:58:00,472 - skalpit - DEBUG - kline.1m printed
2021-03-12 09:59:01,621 - skalpit - DEBUG - kline.1m printed
2021-03-12 10:00:01,068 - skalpit - DEBUG - kline.1m printed
2021-03-12 10:00:01,145 - skalpit - INFO - SHORT 56564.0 SL nan TP nan
2021-03-12 10:00:01,145 - skalpit - INFO - Open             56564.0
High             56564.0
Low              56562.5
Close            56562.5
Volume           50002.0
TurnOver        0.884007
daily_open       57818.0
1h            1615543200
hma                  NaN
atr                  NaN
15m           1615543200
ao                   NaN
aroon                NaN
Name: 1615543200, dtype: object
2021-03-12 10:00:01,564 - skalpit - DEBUG - kline.1h printed
2021-03-12 10:00:01,646 - skalpit - DEBUG - kline.15m printed
2021-03-12 10:00:59,834 - skalpit - DEBUG - kline.1m printed
2021-03-12 10:02:00,282 - skalpit - DEBUG - kline.1m printed
2021-03-12 10:02:59,936 - skalpit - DEBUG - kline.1m printed
2021-03-12 10:04:00,357 - skalpit - DEBUG - kline.1m printed
2021-03-12 10:05:00,123 - skalpit - DEBUG - kline.1m printed
2021-03-12 10:05:59,914 - skalpit - DEBUG - kline.1m printed
2021-03-12 10:07:01,180 - skalpit - DEBUG - kline.1m printed
2021-03-12 10:08:00,259 - skalpit - DEBUG - kline.1m printed
2021-03-12 10:08:59,817 - skalpit - DEBUG - kline.1m printed
2021-03-12 10:10:00,725 - skalpit - DEBUG - kline.1m printed
2021-03-12 10:10:59,810 - skalpit - DEBUG - kline.1m printed
2021-03-12 10:12:00,032 - skalpit - DEBUG - kline.1m printed
2021-03-12 10:13:00,184 - skalpit - DEBUG - kline.1m printed
2021-03-12 10:14:00,724 - skalpit - DEBUG - kline.1m printed
2021-03-12 10:14:59,981 - skalpit - DEBUG - kline.1m printed
2021-03-12 10:15:00,042 - skalpit - DEBUG - kline.15m printed
2021-03-12 10:16:00,060 - skalpit - DEBUG - kline.1m printed
2021-03-12 10:17:00,451 - skalpit - DEBUG - kline.1m printed
2021-03-12 10:17:59,982 - skalpit - DEBUG - kline.1m printed
2021-03-12 10:18:59,888 - skalpit - DEBUG - kline.1m printed
2021-03-12 10:19:59,911 - skalpit - DEBUG - kline.1m printed
2021-03-12 10:21:00,290 - skalpit - DEBUG - kline.1m printed
2021-03-12 10:22:00,666 - skalpit - DEBUG - kline.1m printed
2021-03-12 10:22:59,955 - skalpit - DEBUG - kline.1m printed
2021-03-12 10:24:00,040 - skalpit - DEBUG - kline.1m printed
2021-03-12 10:24:59,909 - skalpit - DEBUG - kline.1m printed
2021-03-12 10:26:00,878 - skalpit - DEBUG - kline.1m printed
2021-03-12 10:27:00,210 - skalpit - DEBUG - kline.1m printed
2021-03-12 10:28:00,537 - skalpit - DEBUG - kline.1m printed
2021-03-12 10:28:59,861 - skalpit - DEBUG - kline.1m printed
2021-03-12 10:30:00,035 - skalpit - DEBUG - kline.15m printed
2021-03-12 10:30:00,116 - skalpit - DEBUG - kline.1m printed
2021-03-12 10:30:59,806 - skalpit - DEBUG - kline.1m printed
2021-03-12 10:31:59,997 - skalpit - DEBUG - kline.1m printed
2021-03-12 10:33:00,014 - skalpit - DEBUG - kline.1m printed
2021-03-12 10:34:00,085 - skalpit - DEBUG - kline.1m printed
2021-03-12 10:35:00,292 - skalpit - DEBUG - kline.1m printed
2021-03-12 10:36:00,039 - skalpit - DEBUG - kline.1m printed
2021-03-12 10:36:59,778 - skalpit - DEBUG - kline.1m printed
2021-03-12 10:37:59,785 - skalpit - DEBUG - kline.1m printed
2021-03-12 10:38:59,796 - skalpit - DEBUG - kline.1m printed
2021-03-12 10:40:00,001 - skalpit - DEBUG - kline.1m printed
2021-03-12 10:40:59,907 - skalpit - DEBUG - kline.1m printed
2021-03-12 10:42:00,964 - skalpit - DEBUG - kline.1m printed
2021-03-12 10:43:00,241 - skalpit - DEBUG - kline.1m printed
2021-03-12 10:43:59,873 - skalpit - DEBUG - kline.1m printed
2021-03-12 10:44:59,967 - skalpit - DEBUG - kline.1m printed
2021-03-12 10:45:00,047 - skalpit - DEBUG - kline.15m printed
2021-03-12 10:46:00,096 - skalpit - DEBUG - kline.1m printed
2021-03-12 10:47:00,437 - skalpit - DEBUG - kline.1m printed
2021-03-12 10:48:00,683 - skalpit - DEBUG - kline.1m printed
2021-03-12 10:49:00,196 - skalpit - DEBUG - kline.1m printed
2021-03-12 10:50:00,026 - skalpit - DEBUG - kline.1m printed
2021-03-12 10:51:00,264 - skalpit - DEBUG - kline.1m printed
2021-03-12 10:51:59,773 - skalpit - DEBUG - kline.1m printed
2021-03-12 10:53:00,704 - skalpit - DEBUG - kline.1m printed
2021-03-12 10:54:00,681 - skalpit - DEBUG - kline.1m printed
2021-03-12 10:54:59,951 - skalpit - DEBUG - kline.1m printed
2021-03-12 10:55:59,832 - skalpit - DEBUG - kline.1m printed
2021-03-12 10:56:59,777 - skalpit - DEBUG - kline.1m printed
2021-03-12 10:58:01,245 - skalpit - DEBUG - kline.1m printed
2021-03-12 10:58:59,895 - skalpit - DEBUG - kline.1m printed
2021-03-12 11:00:00,070 - skalpit - DEBUG - kline.1m printed
2021-03-12 11:00:00,166 - skalpit - DEBUG - kline.1h printed
2021-03-12 11:00:00,240 - skalpit - DEBUG - kline.15m printed
2021-03-12 11:01:00,303 - skalpit - DEBUG - kline.1m printed
2021-03-12 11:02:00,001 - skalpit - DEBUG - kline.1m printed
2021-03-12 11:03:00,505 - skalpit - DEBUG - kline.1m printed
2021-03-12 11:04:00,174 - skalpit - DEBUG - kline.1m printed
2021-03-12 11:04:59,873 - skalpit - DEBUG - kline.1m printed
2021-03-12 11:05:59,751 - skalpit - DEBUG - kline.1m printed
2021-03-12 11:06:59,913 - skalpit - DEBUG - kline.1m printed
2021-03-12 11:07:59,900 - skalpit - DEBUG - kline.1m printed
2021-03-12 11:09:00,008 - skalpit - DEBUG - kline.1m printed
2021-03-12 11:10:00,195 - skalpit - DEBUG - kline.1m printed
2021-03-12 11:11:00,191 - skalpit - DEBUG - kline.1m printed
2021-03-12 11:12:00,263 - skalpit - DEBUG - kline.1m printed
2021-03-12 11:13:00,350 - skalpit - DEBUG - kline.1m printed
2021-03-12 11:14:00,567 - skalpit - DEBUG - kline.1m printed
2021-03-12 11:15:00,864 - skalpit - DEBUG - kline.1m printed
2021-03-12 11:15:00,970 - skalpit - DEBUG - kline.15m printed
2021-03-12 11:15:59,816 - skalpit - DEBUG - kline.1m printed
2021-03-12 11:17:00,127 - skalpit - DEBUG - kline.1m printed
2021-03-12 11:17:59,886 - skalpit - DEBUG - kline.1m printed
2021-03-12 11:19:00,919 - skalpit - DEBUG - kline.1m printed
2021-03-12 11:20:01,006 - skalpit - DEBUG - kline.1m printed
2021-03-12 11:21:00,461 - skalpit - DEBUG - kline.1m printed
2021-03-12 11:22:00,320 - skalpit - DEBUG - kline.1m printed
2021-03-12 11:23:00,443 - skalpit - DEBUG - kline.1m printed
2021-03-12 11:24:00,752 - skalpit - DEBUG - kline.1m printed
2021-03-12 11:25:00,881 - skalpit - DEBUG - kline.1m printed
2021-03-12 11:26:00,344 - skalpit - DEBUG - kline.1m printed
2021-03-12 11:27:01,177 - skalpit - DEBUG - kline.1m printed
2021-03-12 11:28:00,932 - skalpit - DEBUG - kline.1m printed
2021-03-12 11:29:00,137 - skalpit - DEBUG - kline.1m printed
2021-03-12 11:30:00,026 - skalpit - DEBUG - kline.1m printed
2021-03-12 11:30:00,090 - skalpit - DEBUG - kline.15m printed
2021-03-12 11:31:00,086 - skalpit - DEBUG - kline.1m printed
2021-03-12 11:31:59,991 - skalpit - DEBUG - kline.1m printed
2021-03-12 11:32:59,819 - skalpit - DEBUG - kline.1m printed
2021-03-12 11:34:00,090 - skalpit - DEBUG - kline.1m printed
2021-03-12 11:35:00,405 - skalpit - DEBUG - kline.1m printed
2021-03-12 11:36:00,032 - skalpit - DEBUG - kline.1m printed
2021-03-12 11:37:00,680 - skalpit - DEBUG - kline.1m printed
2021-03-12 11:38:00,094 - skalpit - DEBUG - kline.1m printed
2021-03-12 11:39:00,296 - skalpit - DEBUG - kline.1m printed
2021-03-12 11:40:00,684 - skalpit - DEBUG - kline.1m printed
2021-03-12 11:41:01,587 - skalpit - DEBUG - kline.1m printed
2021-03-12 11:42:00,584 - skalpit - DEBUG - kline.1m printed
2021-03-12 11:42:59,752 - skalpit - DEBUG - kline.1m printed
2021-03-12 11:44:00,317 - skalpit - DEBUG - kline.1m printed
2021-03-12 11:45:00,196 - skalpit - DEBUG - kline.1m printed
2021-03-12 11:45:00,301 - skalpit - DEBUG - kline.15m printed
2021-03-12 11:45:59,917 - skalpit - DEBUG - kline.1m printed
2021-03-12 11:47:00,017 - skalpit - DEBUG - kline.1m printed
2021-03-12 11:47:59,855 - skalpit - DEBUG - kline.1m printed
2021-03-12 11:48:59,897 - skalpit - DEBUG - kline.1m printed
2021-03-12 11:50:00,448 - skalpit - DEBUG - kline.1m printed
2021-03-12 11:51:00,087 - skalpit - DEBUG - kline.1m printed
2021-03-12 11:51:59,923 - skalpit - DEBUG - kline.1m printed
2021-03-12 11:53:00,171 - skalpit - DEBUG - kline.1m printed
2021-03-12 11:54:00,004 - skalpit - DEBUG - kline.1m printed
2021-03-12 11:55:00,572 - skalpit - DEBUG - kline.1m printed
2021-03-12 11:56:00,004 - skalpit - DEBUG - kline.1m printed
2021-03-12 11:56:59,751 - skalpit - DEBUG - kline.1m printed
2021-03-12 11:57:59,842 - skalpit - DEBUG - kline.1m printed
2021-03-12 11:58:59,791 - skalpit - DEBUG - kline.1m printed
2021-03-12 12:00:00,300 - skalpit - DEBUG - kline.1h printed
2021-03-12 12:00:00,389 - skalpit - DEBUG - kline.1m printed
2021-03-12 12:00:00,470 - skalpit - DEBUG - kline.15m printed
2021-03-12 12:01:00,066 - skalpit - DEBUG - kline.1m printed
2021-03-12 12:02:00,025 - skalpit - DEBUG - kline.1m printed
2021-03-12 12:03:00,154 - skalpit - DEBUG - kline.1m printed
2021-03-12 12:04:00,430 - skalpit - DEBUG - kline.1m printed
2021-03-12 12:05:00,084 - skalpit - DEBUG - kline.1m printed
2021-03-12 12:06:00,048 - skalpit - DEBUG - kline.1m printed
2021-03-12 12:07:00,146 - skalpit - DEBUG - kline.1m printed
2021-03-12 12:08:01,660 - skalpit - DEBUG - kline.1m printed
2021-03-12 12:08:59,718 - skalpit - DEBUG - kline.1m printed
2021-03-12 12:10:00,140 - skalpit - DEBUG - kline.1m printed
2021-03-12 12:10:59,764 - skalpit - DEBUG - kline.1m printed
2021-03-12 12:11:59,741 - skalpit - DEBUG - kline.1m printed
2021-03-12 12:13:00,010 - skalpit - DEBUG - kline.1m printed
2021-03-12 12:13:59,666 - skalpit - DEBUG - kline.1m printed
2021-03-12 12:15:00,153 - skalpit - DEBUG - kline.1m printed
2021-03-12 12:15:00,275 - skalpit - DEBUG - kline.15m printed
2021-03-12 12:16:00,232 - skalpit - DEBUG - kline.1m printed
2021-03-12 12:17:00,644 - skalpit - DEBUG - kline.1m printed
2021-03-12 12:18:00,702 - skalpit - DEBUG - kline.1m printed
2021-03-12 12:18:59,995 - skalpit - DEBUG - kline.1m printed
2021-03-12 12:19:59,871 - skalpit - DEBUG - kline.1m printed
2021-03-12 12:21:00,110 - skalpit - DEBUG - kline.1m printed
2021-03-12 12:22:00,904 - skalpit - DEBUG - kline.1m printed
2021-03-12 12:23:01,429 - skalpit - DEBUG - kline.1m printed
2021-03-12 12:24:00,151 - skalpit - DEBUG - kline.1m printed
2021-03-12 12:25:00,487 - skalpit - DEBUG - kline.1m printed
2021-03-12 12:26:00,558 - skalpit - DEBUG - kline.1m printed
2021-03-12 12:26:59,694 - skalpit - DEBUG - kline.1m printed
2021-03-12 12:28:02,004 - skalpit - DEBUG - kline.1m printed
2021-03-12 12:29:02,614 - skalpit - DEBUG - kline.1m printed
2021-03-12 12:30:00,586 - skalpit - DEBUG - kline.1m printed
2021-03-12 12:30:00,670 - skalpit - DEBUG - kline.15m printed
2021-03-12 12:31:00,054 - skalpit - DEBUG - kline.1m printed
2021-03-12 12:31:59,706 - skalpit - DEBUG - kline.1m printed
2021-03-12 12:33:02,273 - skalpit - DEBUG - kline.1m printed
2021-03-12 12:34:00,095 - skalpit - DEBUG - kline.1m printed
2021-03-12 12:34:59,989 - skalpit - DEBUG - kline.1m printed
2021-03-12 12:36:00,177 - skalpit - DEBUG - kline.1m printed
2021-03-12 12:36:59,692 - skalpit - DEBUG - kline.1m printed
2021-03-12 12:37:59,698 - skalpit - DEBUG - kline.1m printed
2021-03-12 12:39:00,566 - skalpit - DEBUG - kline.1m printed
2021-03-12 12:40:00,692 - skalpit - DEBUG - kline.1m printed
2021-03-12 12:41:00,175 - skalpit - DEBUG - kline.1m printed
2021-03-12 12:41:59,703 - skalpit - DEBUG - kline.1m printed
2021-03-12 12:42:59,975 - skalpit - DEBUG - kline.1m printed
2021-03-12 12:43:59,714 - skalpit - DEBUG - kline.1m printed
2021-03-12 12:44:59,891 - skalpit - DEBUG - kline.15m printed
2021-03-12 12:44:59,976 - skalpit - DEBUG - kline.1m printed
2021-03-12 12:46:00,053 - skalpit - DEBUG - kline.1m printed
2021-03-12 12:47:00,005 - skalpit - DEBUG - kline.1m printed
2021-03-12 12:48:02,712 - skalpit - DEBUG - kline.1m printed
2021-03-12 12:49:00,383 - skalpit - DEBUG - kline.1m printed
2021-03-12 12:50:02,132 - skalpit - DEBUG - kline.1m printed
2021-03-12 12:51:00,633 - skalpit - DEBUG - kline.1m printed
2021-03-12 12:52:01,322 - skalpit - DEBUG - kline.1m printed
2021-03-12 12:52:59,853 - skalpit - DEBUG - kline.1m printed
2021-03-12 12:54:01,080 - skalpit - DEBUG - kline.1m printed
2021-03-12 12:55:00,256 - skalpit - DEBUG - kline.1m printed
2021-03-12 12:55:59,990 - skalpit - DEBUG - kline.1m printed
2021-03-12 12:57:00,498 - skalpit - DEBUG - kline.1m printed
2021-03-12 12:58:00,558 - skalpit - DEBUG - kline.1m printed
2021-03-12 12:59:00,254 - skalpit - DEBUG - kline.1m printed
2021-03-12 13:00:02,566 - skalpit - DEBUG - kline.1h printed
2021-03-12 13:00:02,657 - skalpit - DEBUG - kline.1m printed
2021-03-12 13:00:02,715 - skalpit - DEBUG - kline.15m printed
2021-03-12 13:00:59,768 - skalpit - DEBUG - kline.1m printed
2021-03-12 13:01:59,653 - skalpit - DEBUG - kline.1m printed
2021-03-12 13:03:01,188 - skalpit - DEBUG - kline.1m printed
2021-03-12 13:03:59,694 - skalpit - DEBUG - kline.1m printed
2021-03-12 13:05:00,009 - skalpit - DEBUG - kline.1m printed
2021-03-12 13:05:59,752 - skalpit - DEBUG - kline.1m printed
2021-03-12 13:06:59,661 - skalpit - DEBUG - kline.1m printed
2021-03-12 13:07:59,761 - skalpit - DEBUG - kline.1m printed
2021-03-12 13:09:00,299 - skalpit - DEBUG - kline.1m printed
2021-03-12 13:09:59,737 - skalpit - DEBUG - kline.1m printed
2021-03-12 13:10:59,668 - skalpit - DEBUG - kline.1m printed
2021-03-12 13:11:59,663 - skalpit - DEBUG - kline.1m printed
2021-03-12 13:12:59,791 - skalpit - DEBUG - kline.1m printed
2021-03-12 13:13:59,702 - skalpit - DEBUG - kline.1m printed
2021-03-12 13:14:59,814 - skalpit - DEBUG - kline.15m printed
2021-03-12 13:14:59,900 - skalpit - DEBUG - kline.1m printed
2021-03-12 13:15:59,636 - skalpit - DEBUG - kline.1m printed
2021-03-12 13:16:59,633 - skalpit - DEBUG - kline.1m printed
2021-03-12 13:17:59,672 - skalpit - DEBUG - kline.1m printed
2021-03-12 13:18:59,857 - skalpit - DEBUG - kline.1m printed
2021-03-12 13:19:59,737 - skalpit - DEBUG - kline.1m printed
2021-03-12 13:20:59,600 - skalpit - DEBUG - kline.1m printed
2021-03-12 13:21:59,991 - skalpit - DEBUG - kline.1m printed
2021-03-12 13:22:59,660 - skalpit - DEBUG - kline.1m printed
2021-03-12 13:23:59,651 - skalpit - DEBUG - kline.1m printed
2021-03-12 13:24:59,967 - skalpit - DEBUG - kline.1m printed
2021-03-12 13:26:00,460 - skalpit - DEBUG - kline.1m printed
2021-03-12 13:26:59,641 - skalpit - DEBUG - kline.1m printed
2021-03-12 13:27:59,620 - skalpit - DEBUG - kline.1m printed
2021-03-12 13:28:59,690 - skalpit - DEBUG - kline.1m printed
2021-03-12 13:29:59,777 - skalpit - DEBUG - kline.1m printed
2021-03-12 13:29:59,859 - skalpit - DEBUG - kline.15m printed
2021-03-12 13:30:59,806 - skalpit - DEBUG - kline.1m printed
2021-03-12 13:31:59,723 - skalpit - DEBUG - kline.1m printed
2021-03-12 13:32:59,998 - skalpit - DEBUG - kline.1m printed
2021-03-12 13:33:59,977 - skalpit - DEBUG - kline.1m printed
2021-03-12 13:34:59,962 - skalpit - DEBUG - kline.1m printed
2021-03-12 13:35:59,846 - skalpit - DEBUG - kline.1m printed
2021-03-12 13:36:59,690 - skalpit - DEBUG - kline.1m printed
2021-03-12 13:37:59,797 - skalpit - DEBUG - kline.1m printed
2021-03-12 13:39:00,043 - skalpit - DEBUG - kline.1m printed
2021-03-12 13:40:00,098 - skalpit - DEBUG - kline.1m printed
2021-03-12 13:40:59,619 - skalpit - DEBUG - kline.1m printed
2021-03-12 13:41:59,656 - skalpit - DEBUG - kline.1m printed
2021-03-12 13:42:59,968 - skalpit - DEBUG - kline.1m printed
2021-03-12 13:43:59,917 - skalpit - DEBUG - kline.1m printed
2021-03-12 13:45:00,134 - skalpit - DEBUG - kline.1m printed
2021-03-12 13:45:00,187 - skalpit - DEBUG - kline.15m printed
2021-03-12 13:45:59,730 - skalpit - DEBUG - kline.1m printed
2021-03-12 13:46:59,676 - skalpit - DEBUG - kline.1m printed
2021-03-12 13:47:59,677 - skalpit - DEBUG - kline.1m printed
2021-03-12 13:49:00,844 - skalpit - DEBUG - kline.1m printed
2021-03-12 13:50:00,172 - skalpit - DEBUG - kline.1m printed
2021-03-12 13:50:59,975 - skalpit - DEBUG - kline.1m printed
2021-03-12 13:51:59,935 - skalpit - DEBUG - kline.1m printed
2021-03-12 13:53:00,288 - skalpit - DEBUG - kline.1m printed
